[2025-12-02 12:28:28,894.894] WARNING  [MainThread|MainProcess] Config (logger.py:warning:139) | 配置文件未找到
[2025-12-02 12:28:28,894.894] ERROR    [MainThread|MainProcess] Config (logger.py:error:134) | 加载配置失败: [setting] 配置文件不存在！
[2025-12-02 12:28:29,427.427] WARNING  [MainThread|MainProcess] Config (logger.py:warning:139) | 配置中未设置 QQ 号
[2025-12-02 12:33:45,016.016] WARNING  [MainThread|MainProcess] Config (logger.py:warning:139) | 未设置 root QQ 号，某些权限功能可能无法正常工作
[2025-12-02 12:33:45,017.017] INFO     [MainThread|MainProcess] Config (logger.py:info:129) | [BOTQQ]: 2303188971 | [WSURI]: ws://localhost:3001 | [WS_TOKEN]: NcatBot | [ROOT]: 123456 | [WEBUI]: http://localhost:6099 | [WEBUI_TOKEN]: NcatBot
[2025-12-02 12:33:45,017.017] WARNING  [MainThread|MainProcess] Config (logger.py:warning:139) | 插件目录 plugins 不存在，将自动创建
[2025-12-02 12:33:50,117.117] INFO     [MainThread|MainProcess] Config (logger.py:info:129) | 已生成强密码: iK8n5:@U0xc]nXf=
[2025-12-02 12:33:50,118.118] INFO     [MainThread|MainProcess] Config (logger.py:info:129) | 配置已保存到 D:\库\Github\qq-chat-bot\config.yaml
[2025-12-02 12:33:50,215.215] INFO     [Thread-2 (runner)|MainProcess] PluginLoader (logger.py:info:129) | 已加载内置插件数 [2]
[2025-12-02 12:33:50,216.216] INFO     [Thread-2 (runner)|MainProcess] PluginLoader (logger.py:info:129) | 从 D:\库\Github\qq-chat-bot\plugins 导入插件
[2025-12-02 12:33:50,216.216] INFO     [Thread-2 (runner)|MainProcess] PluginLoader (logger.py:info:129) | 已加载插件数 [2]
[2025-12-02 12:33:50,218.218] INFO     [MainThread|MainProcess] ncatbot.core.adapter.nc.launch (logger.py:info:129) | 正在以本地模式运行, 检查中...
[2025-12-02 12:33:54,244.244] WARNING  [Thread-4 (runner)|MainProcess] ncatbot.core.adapter.nc.launch (logger.py:warning:139) | 测试 websocket 连接失败: [WinError 1225] 远程计算机拒绝网络连接。
[2025-12-02 12:33:54,314.314] INFO     [MainThread|MainProcess] ncatbot.core.adapter.nc.install (logger.py:info:129) | 未找到 napcat ，是否要自动安装？
[2025-12-02 12:33:56,884.884] INFO     [MainThread|MainProcess] ncatbot.core.adapter.nc.install (logger.py:info:129) | 正在获取版号信息... https://api.github.com/repos/NapNeko/NapCatQQ/tags
[2025-12-02 12:33:59,937.937] INFO     [MainThread|MainProcess] ncatbot.core.adapter.nc.install (logger.py:info:129) | 下载链接为 https://ghfast.top/https://github.com/NapNeko/NapCatQQ/releases/download/v4.9.80/NapCat.Shell.zip...
[2025-12-02 12:33:59,937.937] INFO     [MainThread|MainProcess] ncatbot.core.adapter.nc.install (logger.py:info:129) | 正在下载 napcat 客户端, 请稍等...
[2025-12-02 12:34:14,740.740] INFO     [MainThread|MainProcess] ncatbot.core.adapter.nc.utils (logger.py:info:129) | 解压 napcat.zip 成功
[2025-12-02 12:34:14,748.748] WARNING  [MainThread|MainProcess] ncatbot.core.adapter.nc.config (logger.py:warning:139) | 第一次运行 WebUI, 将创建 WebUI 配置文件
[2025-12-02 12:34:14,750.750] INFO     [MainThread|MainProcess] adapter.nc.start (logger.py:info:129) | 当前操作系统为: Windows 11
[2025-12-02 12:34:14,750.750] INFO     [MainThread|MainProcess] adapter.nc.start (logger.py:info:129) | 正在启动QQ, 启动器路径: D:\库\Github\qq-chat-bot\napcat\launcher.bat
[2025-12-02 12:34:18,770.770] INFO     [MainThread|MainProcess] ncatbot.core.adapter.nc.launch (logger.py:info:129) | 登录中...
[2025-12-02 12:34:25,030.030] INFO     [MainThread|MainProcess] ncatbot.core.adapter.nc.login (logger.py:info:129) | 快速登录列表: ['2303188971']
[2025-12-02 12:34:25,030.030] INFO     [MainThread|MainProcess] ncatbot.core.adapter.nc.login (logger.py:info:129) | 正在发送快速登录请求...
[2025-12-02 12:34:35,035.035] WARNING  [MainThread|MainProcess] ncatbot.core.adapter.nc.login (logger.py:warning:139) | 快速登录失败, 进行其它登录尝试
[2025-12-02 12:34:50,495.495] ERROR    [MainThread|MainProcess] ncatbot.core.adapter.nc.login (logger.py:error:134) | 获取二维码失败: {'code': -1, 'message': 'QRCode Get Error'}
[2025-12-02 12:34:50,495.495] ERROR    [MainThread|MainProcess] ncatbot.core.adapter.nc.login (logger.py:error:134) | 生成 ASCII 二维码时出错: 获取二维码失败
[2025-12-02 12:34:50,496.496] INFO     [MainThread|MainProcess] ncatbot.core.adapter.nc.login (logger.py:info:129) | Traceback (most recent call last):
  File "C:\Users\25501\AppData\Roaming\Python\Python312\site-packages\ncatbot\core\adapter\nc\login.py", line 218, in _qrcode_login
    show_qrcode(self.get_qrcode_url())
                ^^^^^^^^^^^^^^^^^^^^^
  File "C:\Users\25501\AppData\Roaming\Python\Python312\site-packages\ncatbot\core\adapter\nc\login.py", line 196, in get_qrcode_url
    raise e
  File "C:\Users\25501\AppData\Roaming\Python\Python312\site-packages\ncatbot\core\adapter\nc\login.py", line 192, in get_qrcode_url
    raise TimeoutError("获取二维码失败")
TimeoutError: 获取二维码失败

[2025-12-02 12:36:12,658.658] WARNING  [MainThread|MainProcess] Config (logger.py:warning:139) | 未设置 root QQ 号，某些权限功能可能无法正常工作
[2025-12-02 12:36:12,658.658] INFO     [MainThread|MainProcess] Config (logger.py:info:129) | [BOTQQ]: 2303188971 | [WSURI]: ws://localhost:3001 | [WS_TOKEN]: NcatBot | [ROOT]: 123456 | [WEBUI]: http://localhost:6099 | [WEBUI_TOKEN]: iK8n5:@U0xc]nXf=
[2025-12-02 12:36:12,660.660] INFO     [MainThread|MainProcess] Config (logger.py:info:129) | 配置已保存到 D:\库\Github\qq-chat-bot\config.yaml
[2025-12-02 12:36:12,755.755] INFO     [Thread-2 (runner)|MainProcess] PluginLoader (logger.py:info:129) | 已加载内置插件数 [2]
[2025-12-02 12:36:12,755.755] INFO     [Thread-2 (runner)|MainProcess] PluginLoader (logger.py:info:129) | 从 D:\库\Github\qq-chat-bot\plugins 导入插件
[2025-12-02 12:36:12,756.756] INFO     [Thread-2 (runner)|MainProcess] PluginLoader (logger.py:info:129) | 已加载插件数 [2]
[2025-12-02 12:36:12,756.756] INFO     [MainThread|MainProcess] ncatbot.core.adapter.nc.launch (logger.py:info:129) | 正在以本地模式运行, 检查中...
[2025-12-02 12:36:12,783.783] INFO     [MainThread|MainProcess] ncatbot.core.adapter.nc.launch (logger.py:info:129) | napcat 服务器 ws://localhost:3001 在线, 正在检查账号状态...
[2025-12-02 12:36:18,882.882] INFO     [MainThread|MainProcess] Adapter (logger.py:info:129) | NapCat WebSocket 连接成功
[2025-12-02 12:36:18,883.883] INFO     [asyncio_0|MainProcess] Client (logger.py:info:129) | Bot 2303188971 启动成功
[2025-12-02 12:36:22,770.770] INFO     [MainThread|MainProcess] ncatbot.plugin_system.builtin_plugin.unified_registry.plugin (logger.py:info:129) | 命令前缀集合: ['/', '!']
[2025-12-02 12:46:21,713.713] INFO     [MainThread|MainProcess] Adapter (logger.py:info:129) | NapCat WebSocket 连接已关闭
[2025-12-02 12:46:21,716.716] INFO     [MainThread|MainProcess] ncatbot.plugin_system (logger.py:info:129) | 插件 SystemManager 卸载成功
[2025-12-02 12:46:21,717.717] INFO     [MainThread|MainProcess] ncatbot.plugin_system (logger.py:info:129) | 插件 UnifiedRegistryPlugin 卸载成功
[2025-12-02 12:46:21,724.724] INFO     [MainThread|MainProcess] Client (logger.py:info:129) | Bot 已经正常退出
[2025-12-02 13:01:24,762.762] WARNING  [MainThread|MainProcess] Config (logger.py:warning:139) | 未设置 root QQ 号，某些权限功能可能无法正常工作
[2025-12-02 13:01:24,763.763] INFO     [MainThread|MainProcess] Config (logger.py:info:129) | [BOTQQ]: 2303188971 | [WSURI]: ws://localhost:3001 | [WS_TOKEN]: NcatBot | [ROOT]: 123456 | [WEBUI]: http://localhost:6099 | [WEBUI_TOKEN]: iK8n5:@U0xc]nXf=
[2025-12-02 13:01:24,764.764] INFO     [MainThread|MainProcess] Config (logger.py:info:129) | 配置已保存到 D:\库\Github\qq-chat-bot\config.yaml
[2025-12-02 13:01:24,864.864] INFO     [Thread-2 (runner)|MainProcess] PluginLoader (logger.py:info:129) | 已加载内置插件数 [2]
[2025-12-02 13:01:24,864.864] INFO     [Thread-2 (runner)|MainProcess] PluginLoader (logger.py:info:129) | 从 D:\库\Github\qq-chat-bot\plugins 导入插件
[2025-12-02 13:01:24,864.864] INFO     [Thread-2 (runner)|MainProcess] PluginLoader (logger.py:info:129) | 已加载插件数 [2]
[2025-12-02 13:01:24,865.865] INFO     [MainThread|MainProcess] ncatbot.core.adapter.nc.launch (logger.py:info:129) | 正在以本地模式运行, 检查中...
[2025-12-02 13:01:28,891.891] WARNING  [Thread-4 (runner)|MainProcess] ncatbot.core.adapter.nc.launch (logger.py:warning:139) | 测试 websocket 连接失败: [WinError 1225] 远程计算机拒绝网络连接。
[2025-12-02 13:01:28,896.896] INFO     [MainThread|MainProcess] ncatbot.plugin_system (logger.py:info:129) | 插件 SystemManager 卸载成功
[2025-12-02 13:01:28,897.897] INFO     [MainThread|MainProcess] ncatbot.plugin_system (logger.py:info:129) | 插件 UnifiedRegistryPlugin 卸载成功
[2025-12-02 13:01:28,898.898] INFO     [MainThread|MainProcess] Client (logger.py:info:129) | Bot 已经正常退出
